[debug] [2019-11-28T18:04:32.012Z] ----------------------------------------------------------------------
[debug] [2019-11-28T18:04:32.015Z] Command:       C:\Program Files\nodejs\node.exe C:\Users\jhlin\AppData\Roaming\npm\node_modules\firebase-tools\lib\bin\firebase.js serve
[debug] [2019-11-28T18:04:32.015Z] CLI Version:   7.8.1
[debug] [2019-11-28T18:04:32.015Z] Platform:      win32
[debug] [2019-11-28T18:04:32.015Z] Node Version:  v12.13.1
[debug] [2019-11-28T18:04:32.016Z] Time:          Thu Nov 28 2019 10:04:32 GMT-0800 (Pacific Standard Time)
[debug] [2019-11-28T18:04:32.016Z] ----------------------------------------------------------------------
[debug] [2019-11-28T18:04:32.016Z] 
[debug] [2019-11-28T18:04:32.032Z] > command requires scopes: ["email","openid","https://www.googleapis.com/auth/cloudplatformprojects.readonly","https://www.googleapis.com/auth/firebase","https://www.googleapis.com/auth/cloud-platform"]
[debug] [2019-11-28T18:04:32.034Z] > authorizing via signed-in user
[debug] [2019-11-28T18:04:32.034Z] [iam] checking project phan-fde9a for permissions ["firebase.projects.get"]
[debug] [2019-11-28T18:04:32.037Z] >>> HTTP REQUEST POST https://cloudresourcemanager.googleapis.com/v1/projects/phan-fde9a:testIamPermissions  

[debug] [2019-11-28T18:04:32.166Z] <<< HTTP RESPONSE 200
[debug] [2019-11-28T18:04:32.172Z] >>> HTTP REQUEST GET https://firebase.googleapis.com/v1beta1/projects/phan-fde9a  
 
[debug] [2019-11-28T18:04:32.319Z] <<< HTTP RESPONSE 200
[info] 
[info] === Serving from 'C:\Users\jhlin'...
[info] 
[debug] [2019-11-28T18:04:32.333Z] >>> HTTP REQUEST GET https://firebase.googleapis.com/v1beta1/projects/phan-fde9a/webApps/-/config  
 
[debug] [2019-11-28T18:04:32.634Z] <<< HTTP RESPONSE 200
[info] +  hosting: Local server: http://localhost:5000
